
Reaction 1: 2 O + M <=> O2 + M ... OK.

Reaction 2: H + O + M <=> OH + M ... OK.

Reaction 3: H2 + O <=> H + OH ... OK.

Reaction 4: HO2 + O <=> O2 + OH ... ambiguous.
     (O) + (O)(O-H) = (O)(O) + (O-H)   [<= default] 
     (O) + (H)(O2) = (O)(H) + (O2)

Reaction 5: H2O2 + O <=> HO2 + OH ... ambiguous.
     (O) + (H)(O2-H) = (O)(H) + (O2-H)   [<= default] 
     (O) + (O-H)(O-H) = (O)(O-H) + (O-H)

Reaction 6: CH + O <=> CO + H ... OK.

Reaction 7: CH2 + O <=> H + HCO ... OK.

Reaction 8: CH2(S) + O <=> CO + H2 ... OK.

Reaction 9: CH2(S) + O <=> H + HCO ... OK.

Reaction 10: CH3 + O <=> CH2O + H ... OK.

Reaction 11: CH4 + O <=> CH3 + OH ... OK.

Reaction 12: CO + O (+M) <=> CO2 (+M) ... OK.

Reaction 13: HCO + O <=> CO + OH ... ambiguous.
     (O) + (H)(O-C) = (O)(H) + (O-C)   [<= default] 
     (O) + (C)(O-H) = (O)(C) + (O-H)

Reaction 14: HCO + O <=> CO2 + H ... OK.

Reaction 15: CH2O + O <=> HCO + OH ... ambiguous.
     (O) + (H)(O-H-C) = (O)(H) + (O-H-C)   [<= default] 
     (O) + (H-C)(O-H) = (O)(H-C) + (O-H)

Reaction 16: CH2OH + O <=> CH2O + OH ... ambiguous.
     (O) + (H)(O-H2-C) = (O)(H) + (O-H2-C)   [<= default] 
     (O) + (H2-C)(O-H) = (O)(H2-C) + (O-H)

Reaction 17: CH3O + O <=> CH2O + OH ... ambiguous.
     (O) + (H)(O-H2-C) = (O)(H) + (O-H2-C)   [<= default] 
     (O) + (H2-C)(O-H) = (O)(H2-C) + (O-H)

Reaction 18: CH3OH + O <=> CH2OH + OH ... ambiguous.
     (O) + (H)(O-H3-C) = (O)(H) + (O-H3-C)   [<= default] 
     (O) + (H3-C)(O-H) = (O)(H3-C) + (O-H)

Reaction 19: CH3OH + O <=> CH3O + OH ... ambiguous.
     (O) + (H)(O-H3-C) = (O)(H) + (O-H3-C)   [<= default] 
     (O) + (H3-C)(O-H) = (O)(H3-C) + (O-H)

Reaction 20: C2H + O <=> CH + CO ... OK.

Reaction 21: C2H2 + O <=> H + HCCO ... OK.

Reaction 22: C2H2 + O <=> C2H + OH ... OK.

Reaction 23: C2H2 + O <=> CH2 + CO ... OK.

Reaction 24: C2H3 + O <=> CH2CO + H ... OK.

Reaction 25: C2H4 + O <=> CH3 + HCO ... OK.

Reaction 26: C2H5 + O <=> CH2O + CH3 ... OK.

Reaction 27: C2H6 + O <=> C2H5 + OH ... OK.

Reaction 28: HCCO + O <=> 2 CO + H ... OK.

Reaction 29: CH2CO + O <=> HCCO + OH ... ambiguous.
     (O) + (H)(O-H-C2) = (O)(H) + (O-H-C2)   [<= default] 
     (O) + (H-C2)(O-H) = (O)(H-C2) + (O-H)

Reaction 30: CH2CO + O <=> CH2 + CO2 ... OK.

Reaction 31: CO + O2 <=> CO2 + O ... ambiguous.
     (O-C) + (O)(O) = (O-C)(O) + (O)   [<= default] 
     (O2) + (C)(O) = (O2)(C) + (O)

Reaction 32: CH2O + O2 <=> HCO + HO2
     (O2) + (H)(O-H-C) = (O2)(H) + (O-H-C)

Reaction 33: H + O2 + M <=> HO2 + M ... OK.

Reaction 34: H + 2 O2 <=> HO2 + O2 ... OK.

Reaction 35: H + H2O + O2 <=> H2O + HO2 ... OK.

Reaction 36: H + N2 + O2 <=> HO2 + N2 ... OK.

Reaction 37: AR + H + O2 <=> AR + HO2 ... OK.

Reaction 38: H + O2 <=> O + OH ... OK.

Reaction 39: 2 H + M <=> H2 + M ... OK.

Reaction 40: 2 H + H2 <=> 2 H2 ... OK.

Reaction 41: 2 H + H2O <=> H2 + H2O ... OK.

Reaction 42: CO2 + 2 H <=> CO2 + H2 ... OK.

Reaction 43: H + OH + M <=> H2O + M ... OK.

Reaction 44: H + HO2 <=> H2O + O ... OK.

Reaction 45: H + HO2 <=> H2 + O2 ... OK.

Reaction 46: H + HO2 <=> 2 OH ... OK.

Reaction 47: H + H2O2 <=> H2 + HO2 ... ambiguous.
     (H) + (H)(O2-H) = (H)(H) + (O2-H)   [<= default] 
     (H) + (O2)(H2) = (H)(O2) + (H2)

Reaction 48: H + H2O2 <=> H2O + OH ... ambiguous.
     (H) + (O)(O-H2) = (H)(O) + (O-H2)   [<= default] 
     (H) + (O-H)(O-H) = (H)(O-H) + (O-H)

Reaction 49: CH + H <=> C + H2 ... OK.

Reaction 50: CH2 + H (+M) <=> CH3 (+M) ... OK.

Reaction 51: CH2(S) + H <=> CH + H2 ... ambiguous.
     (H) + (H)(H-C) = (H)(H) + (H-C)   [<= default] 
     (H) + (C)(H2) = (H)(C) + (H2)

Reaction 52: CH3 + H (+M) <=> CH4 (+M) ... OK.

Reaction 53: CH4 + H <=> CH3 + H2 ... ambiguous.
     (H) + (H)(H3-C) = (H)(H) + (H3-C)   [<= default] 
     (H) + (H2-C)(H2) = (H)(H2-C) + (H2)

Reaction 54: H + HCO (+M) <=> CH2O (+M) ... OK.

Reaction 55: H + HCO <=> CO + H2 ... OK.

Reaction 56: CH2O + H (+M) <=> CH2OH (+M) ... OK.

Reaction 57: CH2O + H (+M) <=> CH3O (+M) ... OK.

Reaction 58: CH2O + H <=> H2 + HCO ... ambiguous.
     (H) + (H)(O-H-C) = (H)(H) + (O-H-C)   [<= default] 
     (H) + (O-C)(H2) = (H)(O-C) + (H2)

Reaction 59: CH2OH + H (+M) <=> CH3OH (+M) ... OK.

Reaction 60: CH2OH + H <=> CH2O + H2 ... ambiguous.
     (H) + (H)(O-H2-C) = (H)(H) + (O-H2-C)   [<= default] 
     (H) + (O-H-C)(H2) = (H)(O-H-C) + (H2)

Reaction 61: CH2OH + H <=> CH3 + OH ... ambiguous.
     (H) + (O)(H3-C) = (H)(O) + (H3-C)   [<= default] 
     (H) + (H2-C)(O-H) = (H)(H2-C) + (O-H)

Reaction 62: CH2OH + H <=> CH2(S) + H2O ... ambiguous.
     (H) + (O-H)(H2-C) = (H)(O-H) + (H2-C)   [<= default] 
     (H) + (H-C)(O-H2) = (H)(H-C) + (O-H2)

Reaction 63: CH3O + H (+M) <=> CH3OH (+M) ... OK.

Reaction 64: CH3O + H <=> CH2OH + H ... OK.

Reaction 65: CH3O + H <=> CH2O + H2 ... ambiguous.
     (H) + (H)(O-H2-C) = (H)(H) + (O-H2-C)   [<= default] 
     (H) + (O-H-C)(H2) = (H)(O-H-C) + (H2)

Reaction 66: CH3O + H <=> CH3 + OH ... ambiguous.
     (H) + (O)(H3-C) = (H)(O) + (H3-C)   [<= default] 
     (H) + (H2-C)(O-H) = (H)(H2-C) + (O-H)

Reaction 67: CH3O + H <=> CH2(S) + H2O ... ambiguous.
     (H) + (O-H)(H2-C) = (H)(O-H) + (H2-C)   [<= default] 
     (H) + (H-C)(O-H2) = (H)(H-C) + (O-H2)

Reaction 68: CH3OH + H <=> CH2OH + H2 ... ambiguous.
     (H) + (H)(O-H3-C) = (H)(H) + (O-H3-C)   [<= default] 
     (H) + (O-H2-C)(H2) = (H)(O-H2-C) + (H2)

Reaction 69: CH3OH + H <=> CH3O + H2 ... ambiguous.
     (H) + (H)(O-H3-C) = (H)(H) + (O-H3-C)   [<= default] 
     (H) + (O-H2-C)(H2) = (H)(O-H2-C) + (H2)

Reaction 70: C2H + H (+M) <=> C2H2 (+M) ... OK.

Reaction 71: C2H2 + H (+M) <=> C2H3 (+M) ... OK.

Reaction 72: C2H3 + H (+M) <=> C2H4 (+M) ... OK.

Reaction 73: C2H3 + H <=> C2H2 + H2 ... ambiguous.
     (H) + (H)(H2-C2) = (H)(H) + (H2-C2)   [<= default] 
     (H) + (H-C2)(H2) = (H)(H-C2) + (H2)

Reaction 74: C2H4 + H (+M) <=> C2H5 (+M) ... OK.

Reaction 75: C2H4 + H <=> C2H3 + H2 ... ambiguous.
     (H) + (H)(H3-C2) = (H)(H) + (H3-C2)   [<= default] 
     (H) + (H2-C2)(H2) = (H)(H2-C2) + (H2)

Reaction 76: C2H5 + H (+M) <=> C2H6 (+M) ... OK.

Reaction 77: C2H5 + H <=> C2H4 + H2 ... ambiguous.
     (H) + (H)(H4-C2) = (H)(H) + (H4-C2)   [<= default] 
     (H) + (H3-C2)(H2) = (H)(H3-C2) + (H2)

Reaction 78: C2H6 + H <=> C2H5 + H2 ... ambiguous.
     (H) + (H)(H5-C2) = (H)(H) + (H5-C2)   [<= default] 
     (H) + (H4-C2)(H2) = (H)(H4-C2) + (H2)

Reaction 79: H + HCCO <=> CH2(S) + CO ... OK.

Reaction 80: CH2CO + H <=> H2 + HCCO ... ambiguous.
     (H) + (H)(O-H-C2) = (H)(H) + (O-H-C2)   [<= default] 
     (H) + (O-C2)(H2) = (H)(O-C2) + (H2)

Reaction 81: CH2CO + H <=> CH3 + CO ... OK.

Reaction 82: H + HCCOH <=> CH2CO + H ... OK.

Reaction 83: CO + H2 (+M) <=> CH2O (+M) ... OK.

Reaction 84: H2 + OH <=> H + H2O ... ambiguous.
     (O-H) + (H)(H) = (O-H)(H) + (H)   [<= default] 
     (H2) + (O)(H) = (H2)(O) + (H)

Reaction 85: 2 OH (+M) <=> H2O2 (+M) ... OK.

Reaction 86: 2 OH <=> H2O + O ... OK.

Reaction 87: HO2 + OH <=> H2O + O2
     (O-H) + (H)(O2) = (O-H)(H) + (O2)

Reaction 88: H2O2 + OH <=> H2O + HO2 ... ambiguous.
     (O-H) + (H)(O2-H) = (O-H)(H) + (O2-H)   [<= default] 
     (O-H) + (O)(O-H2) = (O-H)(O) + (O-H2)

Reaction 89: H2O2 + OH <=> H2O + HO2 ... ambiguous.
     (O-H) + (H)(O2-H) = (O-H)(H) + (O2-H)   [<= default] 
     (O-H) + (O)(O-H2) = (O-H)(O) + (O-H2)

Reaction 90: C + OH <=> CO + H ... OK.

Reaction 91: CH + OH <=> H + HCO ... ambiguous.
     (H-C) + (O)(H) = (H-C)(O) + (H)   [<= default] 
     (O-H) + (C)(H) = (O-H)(C) + (H)

Reaction 92: CH2 + OH <=> CH2O + H ... ambiguous.
     (H2-C) + (O)(H) = (H2-C)(O) + (H)   [<= default] 
     (O-H) + (H-C)(H) = (O-H)(H-C) + (H)

Reaction 93: CH2 + OH <=> CH + H2O
     (O-H) + (H)(H-C) = (O-H)(H) + (H-C)

Reaction 94: CH2(S) + OH <=> CH2O + H ... ambiguous.
     (H2-C) + (O)(H) = (H2-C)(O) + (H)   [<= default] 
     (O-H) + (H-C)(H) = (O-H)(H-C) + (H)

Reaction 95: CH3 + OH (+M) <=> CH3OH (+M) ... OK.

Reaction 96: CH3 + OH <=> CH2 + H2O
     (O-H) + (H)(H2-C) = (O-H)(H) + (H2-C)

Reaction 97: CH3 + OH <=> CH2(S) + H2O
     (O-H) + (H)(H2-C) = (O-H)(H) + (H2-C)

Reaction 98: CH4 + OH <=> CH3 + H2O
     (O-H) + (H)(H3-C) = (O-H)(H) + (H3-C)

Reaction 99: CO + OH <=> CO2 + H ... OK.

Reaction 100: HCO + OH <=> CO + H2O
     (O-H) + (H)(O-C) = (O-H)(H) + (O-C)

Reaction 101: CH2O + OH <=> H2O + HCO ... ambiguous.
     (O-H) + (H)(O-H-C) = (O-H)(H) + (O-H-C)   [<= default] 
     (O-H) + (C)(O-H2) = (O-H)(C) + (O-H2)

Reaction 102: CH2OH + OH <=> CH2O + H2O ... ambiguous.
     (O-H) + (H)(O-H2-C) = (O-H)(H) + (O-H2-C)   [<= default] 
     (O-H) + (H-C)(O-H2) = (O-H)(H-C) + (O-H2)

Reaction 103: CH3O + OH <=> CH2O + H2O ... ambiguous.
     (O-H) + (H)(O-H2-C) = (O-H)(H) + (O-H2-C)   [<= default] 
     (O-H) + (H-C)(O-H2) = (O-H)(H-C) + (O-H2)

Reaction 104: CH3OH + OH <=> CH2OH + H2O ... ambiguous.
     (O-H) + (H)(O-H3-C) = (O-H)(H) + (O-H3-C)   [<= default] 
     (O-H) + (H2-C)(O-H2) = (O-H)(H2-C) + (O-H2)

Reaction 105: CH3OH + OH <=> CH3O + H2O ... ambiguous.
     (O-H) + (H)(O-H3-C) = (O-H)(H) + (O-H3-C)   [<= default] 
     (O-H) + (H2-C)(O-H2) = (O-H)(H2-C) + (O-H2)

Reaction 106: C2H + OH <=> H + HCCO ... ambiguous.
     (H-C2) + (O)(H) = (H-C2)(O) + (H)   [<= default] 
     (O-H) + (C2)(H) = (O-H)(C2) + (H)

Reaction 107: C2H2 + OH <=> CH2CO + H ... ambiguous.
     (H2-C2) + (O)(H) = (H2-C2)(O) + (H)   [<= default] 
     (O-H) + (H-C2)(H) = (O-H)(H-C2) + (H)

Reaction 108: C2H2 + OH <=> H + HCCOH ... ambiguous.
     (H2-C2) + (O)(H) = (H2-C2)(O) + (H)   [<= default] 
     (O-H) + (H-C2)(H) = (O-H)(H-C2) + (H)

Reaction 109: C2H2 + OH <=> C2H + H2O
     (O-H) + (H)(H-C2) = (O-H)(H) + (H-C2)

Reaction 110: C2H2 + OH <=> CH3 + CO ... OK.

Reaction 111: C2H3 + OH <=> C2H2 + H2O
     (O-H) + (H)(H2-C2) = (O-H)(H) + (H2-C2)

Reaction 112: C2H4 + OH <=> C2H3 + H2O
     (O-H) + (H)(H3-C2) = (O-H)(H) + (H3-C2)

Reaction 113: C2H6 + OH <=> C2H5 + H2O
     (O-H) + (H)(H5-C2) = (O-H)(H) + (H5-C2)

Reaction 114: CH2CO + OH <=> H2O + HCCO ... ambiguous.
     (O-H) + (H)(O-H-C2) = (O-H)(H) + (O-H-C2)   [<= default] 
     (O-H) + (C2)(O-H2) = (O-H)(C2) + (O-H2)

Reaction 115: 2 HO2 <=> H2O2 + O2 ... OK.

Reaction 116: 2 HO2 <=> H2O2 + O2 ... OK.

Reaction 117: CH2 + HO2 <=> CH2O + OH
     (H2-C) + (O)(O-H) = (H2-C)(O) + (O-H)

Reaction 118: CH3 + HO2 <=> CH4 + O2 ... OK.

Reaction 119: CH3 + HO2 <=> CH3O + OH
     (H3-C) + (O)(O-H) = (H3-C)(O) + (O-H)

Reaction 120: CO + HO2 <=> CO2 + OH
     (O-C) + (O)(O-H) = (O-C)(O) + (O-H)

Reaction 121: CH2O + HO2 <=> H2O2 + HCO
     (O2-H) + (H)(O-H-C) = (O2-H)(H) + (O-H-C)

Reaction 122: C + O2 <=> CO + O ... OK.

Reaction 123: C + CH2 <=> C2H + H ... OK.

Reaction 124: C + CH3 <=> C2H2 + H ... OK.

Reaction 125: CH + O2 <=> HCO + O ... OK.

Reaction 126: CH + H2 <=> CH2 + H ... ambiguous.
     (H-C) + (H)(H) = (H-C)(H) + (H)   [<= default] 
     (H2) + (C)(H) = (H2)(C) + (H)

Reaction 127: CH + H2O <=> CH2O + H ... ambiguous.
     (H-C) + (O-H)(H) = (H-C)(O-H) + (H)   [<= default] 
     (O-H2) + (C)(H) = (O-H2)(C) + (H)

Reaction 128: CH + CH2 <=> C2H2 + H ... ambiguous.
     (H2-C) + (C)(H) = (H2-C)(C) + (H)   [<= default] 
     (H-C) + (H-C)(H) = (H-C)(H-C) + (H)

Reaction 129: CH + CH3 <=> C2H3 + H ... ambiguous.
     (H3-C) + (C)(H) = (H3-C)(C) + (H)   [<= default] 
     (H-C) + (H2-C)(H) = (H-C)(H2-C) + (H)

Reaction 130: CH + CH4 <=> C2H4 + H ... ambiguous.
     (H4-C) + (C)(H) = (H4-C)(C) + (H)   [<= default] 
     (H-C) + (H3-C)(H) = (H-C)(H3-C) + (H)

Reaction 131: CH + CO (+M) <=> HCCO (+M) ... OK.

Reaction 132: CH + CO2 <=> CO + HCO
     (H-C) + (O)(O-C) = (H-C)(O) + (O-C)

Reaction 133: CH + CH2O <=> CH2CO + H ... ambiguous.
     (O-H2-C) + (C)(H) = (O-H2-C)(C) + (H)   [<= default] 
     (H-C) + (O-H-C)(H) = (H-C)(O-H-C) + (H)

Reaction 134: CH + HCCO <=> C2H2 + CO
     (H-C) + (H-C)(O-C) = (H-C)(H-C) + (O-C)

Reaction 135: CH2 + O2 => CO + H + OH ... OK.

Reaction 136: CH2 + H2 <=> CH3 + H ... ambiguous.
     (H2-C) + (H)(H) = (H2-C)(H) + (H)   [<= default] 
     (H2) + (H-C)(H) = (H2)(H-C) + (H)

Reaction 137: 2 CH2 <=> C2H2 + H2 ... OK.

Reaction 138: CH2 + CH3 <=> C2H4 + H ... ambiguous.
     (H3-C) + (H-C)(H) = (H3-C)(H-C) + (H)   [<= default] 
     (H2-C) + (H2-C)(H) = (H2-C)(H2-C) + (H)

Reaction 139: CH2 + CH4 <=> 2 CH3 ... OK.

Reaction 140: CH2 + CO (+M) <=> CH2CO (+M) ... OK.

Reaction 141: CH2 + HCCO <=> C2H3 + CO
     (H2-C) + (H-C)(O-C) = (H2-C)(H-C) + (O-C)

Reaction 142: CH2(S) + N2 <=> CH2 + N2 ... OK.

Reaction 143: AR + CH2(S) <=> AR + CH2 ... OK.

Reaction 144: CH2(S) + O2 <=> CO + H + OH ... OK.

Reaction 145: CH2(S) + O2 <=> CO + H2O ... OK.

Reaction 146: CH2(S) + H2 <=> CH3 + H ... ambiguous.
     (H2-C) + (H)(H) = (H2-C)(H) + (H)   [<= default] 
     (H2) + (H-C)(H) = (H2)(H-C) + (H)

Reaction 147: CH2(S) + H2O (+M) <=> CH3OH (+M) ... OK.

Reaction 148: CH2(S) + H2O <=> CH2 + H2O ... OK.

Reaction 149: CH2(S) + CH3 <=> C2H4 + H ... ambiguous.
     (H3-C) + (H-C)(H) = (H3-C)(H-C) + (H)   [<= default] 
     (H2-C) + (H2-C)(H) = (H2-C)(H2-C) + (H)

Reaction 150: CH2(S) + CH4 <=> 2 CH3 ... OK.

Reaction 151: CH2(S) + CO <=> CH2 + CO ... OK.

Reaction 152: CH2(S) + CO2 <=> CH2 + CO2 ... OK.

Reaction 153: CH2(S) + CO2 <=> CH2O + CO
     (H2-C) + (O)(O-C) = (H2-C)(O) + (O-C)

Reaction 154: C2H6 + CH2(S) <=> C2H5 + CH3 ... ambiguous.
     (H2-C) + (H)(H5-C2) = (H2-C)(H) + (H5-C2)   [<= default] 
     (H2-C) + (H3-C)(H3-C) = (H2-C)(H3-C) + (H3-C)

Reaction 155: CH3 + O2 <=> CH3O + O ... OK.

Reaction 156: CH3 + O2 <=> CH2O + OH ... OK.

Reaction 157: CH3 + H2O2 <=> CH4 + HO2
     (H3-C) + (H)(O2-H) = (H3-C)(H) + (O2-H)

Reaction 158: 2 CH3 (+M) <=> C2H6 (+M) ... OK.

Reaction 159: 2 CH3 <=> C2H5 + H ... OK.

Reaction 160: CH3 + HCO <=> CH4 + CO
     (H3-C) + (H)(O-C) = (H3-C)(H) + (O-C)

Reaction 161: CH2O + CH3 <=> CH4 + HCO
     (H3-C) + (H)(O-H-C) = (H3-C)(H) + (O-H-C)

Reaction 162: CH3 + CH3OH <=> CH2OH + CH4 ... ambiguous.
     (H3-C) + (H)(O-H3-C) = (H3-C)(H) + (O-H3-C)   [<= default] 
     (H3-C) + (O)(H4-C) = (H3-C)(O) + (H4-C)

Reaction 163: CH3 + CH3OH <=> CH3O + CH4 ... ambiguous.
     (H3-C) + (H)(O-H3-C) = (H3-C)(H) + (O-H3-C)   [<= default] 
     (H3-C) + (O)(H4-C) = (H3-C)(O) + (H4-C)

Reaction 164: C2H4 + CH3 <=> C2H3 + CH4 ... ambiguous.
     (H3-C) + (H)(H3-C2) = (H3-C)(H) + (H3-C2)   [<= default] 
     (H3-C) + (C)(H4-C) = (H3-C)(C) + (H4-C)

Reaction 165: C2H6 + CH3 <=> C2H5 + CH4 ... ambiguous.
     (H3-C) + (H)(H5-C2) = (H3-C)(H) + (H5-C2)   [<= default] 
     (H3-C) + (H2-C)(H4-C) = (H3-C)(H2-C) + (H4-C)

Reaction 166: H2O + HCO <=> CO + H + H2O ... OK.

Reaction 167: HCO + M <=> CO + H + M ... OK.

Reaction 168: HCO + O2 <=> CO + HO2
     (O2) + (H)(O-C) = (O2)(H) + (O-C)

Reaction 169: CH2OH + O2 <=> CH2O + HO2
     (O2) + (H)(O-H2-C) = (O2)(H) + (O-H2-C)

Reaction 170: CH3O + O2 <=> CH2O + HO2
     (O2) + (H)(O-H2-C) = (O2)(H) + (O-H2-C)

Reaction 171: C2H + O2 <=> CO + HCO ... OK.

Reaction 172: C2H + H2 <=> C2H2 + H ... ambiguous.
     (H-C2) + (H)(H) = (H-C2)(H) + (H)   [<= default] 
     (H2) + (C2)(H) = (H2)(C2) + (H)

Reaction 173: C2H3 + O2 <=> CH2O + HCO ... OK.

Reaction 174: C2H4 (+M) <=> C2H2 + H2 (+M) ... OK.

Reaction 175: C2H5 + O2 <=> C2H4 + HO2 ... OK.

Reaction 176: HCCO + O2 <=> 2 CO + OH ... cannot express as A + BC = AB + C

Reaction 177: 2 HCCO <=> C2H2 + 2 CO ... OK.

Reaction 178: N + NO <=> N2 + O ... OK.

Reaction 179: N + O2 <=> NO + O ... OK.

Reaction 180: N + OH <=> H + NO ... OK.

Reaction 181: N2O + O <=> N2 + O2 ... OK.

Reaction 182: N2O + O <=> 2 NO ... OK.

Reaction 183: H + N2O <=> N2 + OH ... OK.

Reaction 184: N2O + OH <=> HO2 + N2 ... OK.

Reaction 185: N2O (+M) <=> N2 + O (+M) ... OK.

Reaction 186: HO2 + NO <=> NO2 + OH
     (O-N) + (O)(O-H) = (O-N)(O) + (O-H)

Reaction 187: NO + O + M <=> NO2 + M ... OK.

Reaction 188: NO2 + O <=> NO + O2 ... ambiguous.
     (O) + (O)(O-N) = (O)(O) + (O-N)   [<= default] 
     (O) + (N)(O2) = (O)(N) + (O2)

Reaction 189: H + NO2 <=> NO + OH ... OK.

Reaction 190: NH + O <=> H + NO ... OK.

Reaction 191: H + NH <=> H2 + N ... OK.

Reaction 192: NH + OH <=> H + HNO ... ambiguous.
     (H-N) + (O)(H) = (H-N)(O) + (H)   [<= default] 
     (O-H) + (N)(H) = (O-H)(N) + (H)

Reaction 193: NH + OH <=> H2O + N ... OK.

Reaction 194: NH + O2 <=> HNO + O ... OK.

Reaction 195: NH + O2 <=> NO + OH ... OK.

Reaction 196: N + NH <=> H + N2 ... OK.

Reaction 197: H2O + NH <=> H2 + HNO
     (H-N) + (O)(H2) = (H-N)(O) + (H2)

Reaction 198: NH + NO <=> N2 + OH ... OK.

Reaction 199: NH + NO <=> H + N2O ... OK.

Reaction 200: NH2 + O <=> NH + OH ... OK.

Reaction 201: NH2 + O <=> H + HNO ... OK.

Reaction 202: H + NH2 <=> H2 + NH ... ambiguous.
     (H) + (H)(H-N) = (H)(H) + (H-N)   [<= default] 
     (H) + (N)(H2) = (H)(N) + (H2)

Reaction 203: NH2 + OH <=> H2O + NH
     (O-H) + (H)(H-N) = (O-H)(H) + (H-N)

Reaction 204: NNH <=> H + N2 ... OK.

Reaction 205: NNH + M <=> H + N2 + M ... OK.

Reaction 206: NNH + O2 <=> HO2 + N2 ... OK.

Reaction 207: NNH + O <=> N2 + OH ... OK.

Reaction 208: NNH + O <=> NH + NO ... OK.

Reaction 209: H + NNH <=> H2 + N2 ... OK.

Reaction 210: NNH + OH <=> H2O + N2 ... OK.

Reaction 211: CH3 + NNH <=> CH4 + N2 ... OK.

Reaction 212: H + NO + M <=> HNO + M ... OK.

Reaction 213: HNO + O <=> NO + OH ... ambiguous.
     (O) + (H)(O-N) = (O)(H) + (O-N)   [<= default] 
     (O) + (N)(O-H) = (O)(N) + (O-H)

Reaction 214: H + HNO <=> H2 + NO ... OK.

Reaction 215: HNO + OH <=> H2O + NO
     (O-H) + (H)(O-N) = (O-H)(H) + (O-N)

Reaction 216: HNO + O2 <=> HO2 + NO
     (O2) + (H)(O-N) = (O2)(H) + (O-N)

Reaction 217: CN + O <=> CO + N ... OK.

Reaction 218: CN + OH <=> H + NCO ... OK.

Reaction 219: CN + H2O <=> HCN + OH ... OK.

Reaction 220: CN + O2 <=> NCO + O ... OK.

Reaction 221: CN + H2 <=> H + HCN ... OK.

Reaction 222: NCO + O <=> CO + NO ... ambiguous.
     (O) + (C)(O-N) = (O)(C) + (O-N)   [<= default] 
     (O) + (N)(O-C) = (O)(N) + (O-C)

Reaction 223: H + NCO <=> CO + NH ... OK.

Reaction 224: NCO + OH <=> CO + H + NO... cannot parse. [ignored]

Reaction 225: N + NCO <=> CO + N2 ... OK.

Reaction 226: NCO + O2 <=> CO2 + NO
     (O2) + (C)(O-N) = (O2)(C) + (O-N)

Reaction 227: NCO + M <=> CO + N + M ... OK.

Reaction 228: NCO + NO <=> CO + N2O
     (O-N) + (N)(O-C) = (O-N)(N) + (O-C)

Reaction 229: NCO + NO <=> CO2 + N2 ... OK.

Reaction 230: HCN + M <=> CN + H + M ... OK.

Reaction 231: HCN + O <=> H + NCO ... OK.

Reaction 232: HCN + O <=> CO + NH ... OK.

Reaction 233: HCN + O <=> CN + OH ... OK.

Reaction 234: HCN + OH <=> H + HOCN ... ambiguous.
     (H-C-N) + (O)(H) = (H-C-N)(O) + (H)   [<= default] 
     (O-H) + (C-N)(H) = (O-H)(C-N) + (H)

Reaction 235: HCN + OH <=> H + HNCO ... ambiguous.
     (H-C-N) + (O)(H) = (H-C-N)(O) + (H)   [<= default] 
     (O-H) + (C-N)(H) = (O-H)(C-N) + (H)

Reaction 236: HCN + OH <=> CO + NH2 ... OK.

Reaction 237: H + HCN (+M) <=> H2CN (+M) ... OK.

Reaction 238: H2CN + N <=> CH2 + N2 ... OK.

Reaction 239: C + N2 <=> CN + N ... OK.

Reaction 240: CH + N2 <=> HCN + N ... OK.

Reaction 241: CH + N2 (+M) <=> HCNN (+M) ... OK.

Reaction 242: CH2 + N2 <=> HCN + NH ... OK.

Reaction 243: CH2(S) + N2 <=> HCN + NH ... OK.

Reaction 244: C + NO <=> CN + O ... OK.

Reaction 245: C + NO <=> CO + N ... OK.

Reaction 246: CH + NO <=> HCN + O ... OK.

Reaction 247: CH + NO <=> H + NCO ... OK.

Reaction 248: CH + NO <=> HCO + N ... OK.

Reaction 249: CH2 + NO <=> H + HNCO ... OK.

Reaction 250: CH2 + NO <=> HCN + OH ... OK.

Reaction 251: CH2 + NO <=> H + HCNO ... OK.

Reaction 252: CH2(S) + NO <=> H + HNCO ... OK.

Reaction 253: CH2(S) + NO <=> HCN + OH ... OK.

Reaction 254: CH2(S) + NO <=> H + HCNO ... OK.

Reaction 255: CH3 + NO <=> H2O + HCN ... OK.

Reaction 256: CH3 + NO <=> H2CN + OH ... OK.

Reaction 257: HCNN + O <=> CO + H + N2 ... OK.

Reaction 258: HCNN + O <=> HCN + NO ... OK.

Reaction 259: HCNN + O2 <=> HCO + N2 + O ... OK.

Reaction 260: HCNN + OH <=> H + HCO + N2... cannot parse. [ignored]

Reaction 261: H + HCNN <=> CH2 + N2 ... OK.

Reaction 262: HNCO + O <=> CO2 + NH ... OK.

Reaction 263: HNCO + O <=> CO + HNO ... ambiguous.
     (O) + (C)(O-H-N) = (O)(C) + (O-H-N)   [<= default] 
     (O) + (H-N)(O-C) = (O)(H-N) + (O-C)

Reaction 264: HNCO + O <=> NCO + OH ... ambiguous.
     (O) + (H)(O-C-N) = (O)(H) + (O-C-N)   [<= default] 
     (O) + (C-N)(O-H) = (O)(C-N) + (O-H)

Reaction 265: H + HNCO <=> CO + NH2 ... OK.

Reaction 266: H + HNCO <=> H2 + NCO ... OK.

Reaction 267: HNCO + OH <=> H2O + NCO
     (O-H) + (H)(O-C-N) = (O-H)(H) + (O-C-N)

Reaction 268: HNCO + OH <=> CO2 + NH2 ... OK.

Reaction 269: HNCO + M <=> CO + NH + M ... OK.

Reaction 270: H + HCNO <=> H + HNCO ... OK.

Reaction 271: H + HCNO <=> HCN + OH ... ambiguous.
     (H) + (O)(H-C-N) = (H)(O) + (H-C-N)   [<= default] 
     (H) + (C-N)(O-H) = (H)(C-N) + (O-H)

Reaction 272: H + HCNO <=> CO + NH2 ... OK.

Reaction 273: H + HOCN <=> H + HNCO ... OK.

Reaction 274: HCCO + NO <=> CO + HCNO
     (O-N) + (H-C)(O-C) = (O-N)(H-C) + (O-C)

Reaction 275: CH3 + N <=> H + H2CN ... OK.

Reaction 276: CH3 + N <=> H2 + HCN ... OK.

Reaction 277: H + NH3 <=> H2 + NH2 ... ambiguous.
     (H) + (H)(H2-N) = (H)(H) + (H2-N)   [<= default] 
     (H) + (H-N)(H2) = (H)(H-N) + (H2)

Reaction 278: NH3 + OH <=> H2O + NH2
     (O-H) + (H)(H2-N) = (O-H)(H) + (H2-N)

Reaction 279: NH3 + O <=> NH2 + OH ... OK.

Reaction 280: CO2 + NH <=> CO + HNO ... OK.

Reaction 281: CN + NO2 <=> NCO + NO
     (C-N) + (O)(O-N) = (C-N)(O) + (O-N)

Reaction 282: NCO + NO2 <=> CO2 + N2O ... cannot express as A + BC = AB + C

Reaction 283: CO2 + N <=> CO + NO ... OK.

Reaction 284: CH3 + O => CO + H + H2 ... OK.

Reaction 285: C2H4 + O <=> CH2CHO + H ... OK.

Reaction 286: C2H5 + O <=> CH3CHO + H ... OK.

Reaction 287: HO2 + OH <=> H2O + O2
     (O-H) + (H)(O2) = (O-H)(H) + (O2)

Reaction 288: CH3 + OH => CH2O + H2
     (O-H) + (H-C)(H2) = (O-H)(H-C) + (H2)

Reaction 289: CH + H2 (+M) <=> CH3 (+M) ... OK.

Reaction 290: CH2 + O2 => CO2 + 2 H ... OK.

Reaction 291: CH2 + O2 <=> CH2O + O ... OK.

Reaction 292: 2 CH2 => C2H2 + 2 H ... OK.

Reaction 293: CH2(S) + H2O => CH2O + H2 ... ambiguous.
     (H2-C) + (O)(H2) = (H2-C)(O) + (H2)   [<= default] 
     (O-H2) + (C)(H2) = (O-H2)(C) + (H2)

Reaction 294: C2H3 + O2 <=> CH2CHO + O ... OK.

Reaction 295: C2H3 + O2 <=> C2H2 + HO2 ... OK.

Reaction 296: CH3CHO + O <=> CH2CHO + OH ... ambiguous.
     (O) + (H)(O-H3-C2) = (O)(H) + (O-H3-C2)   [<= default] 
     (O) + (H3-C2)(O-H) = (O)(H3-C2) + (O-H)

Reaction 297: CH3CHO + O => CH3 + CO + OH... cannot parse. [ignored]

Reaction 298: CH3CHO + O2 => CH3 + CO + HO2... cannot parse. [ignored]

Reaction 299: CH3CHO + H <=> CH2CHO + H2 ... ambiguous.
     (H) + (H)(O-H3-C2) = (H)(H) + (O-H3-C2)   [<= default] 
     (H) + (O-H2-C2)(H2) = (H)(O-H2-C2) + (H2)

Reaction 300: CH3CHO + H => CH3 + CO + H2... cannot parse. [ignored]

Reaction 301: CH3CHO + OH => CH3 + CO + H2O... cannot parse. [ignored]

Reaction 302: CH3CHO + HO2 => CH3 + CO + H2O2... cannot parse. [ignored]

Reaction 303: CH3 + CH3CHO => CH3 + CH4 + CO ... OK.

Reaction 304: CH2CO + H (+M) <=> CH2CHO (+M) ... OK.

Reaction 305: CH2CHO + O => CH2 + CO2 + H ... OK.

Reaction 306: CH2CHO + O2 => CH2O + CO + OH... cannot parse. [ignored]

Reaction 307: CH2CHO + O2 => 2 HCO + OH ... cannot express as A + BC = AB + C

Reaction 308: CH2CHO + H <=> CH3 + HCO ... ambiguous.
     (H) + (H2-C)(O-H-C) = (H)(H2-C) + (O-H-C)   [<= default] 
     (H) + (O-C)(H3-C) = (H)(O-C) + (H3-C)

Reaction 309: CH2CHO + H <=> CH2CO + H2 ... ambiguous.
     (H) + (H)(O-H2-C2) = (H)(H) + (O-H2-C2)   [<= default] 
     (H) + (O-H-C2)(H2) = (H)(O-H-C2) + (H2)

Reaction 310: CH2CHO + OH <=> CH2CO + H2O ... ambiguous.
     (O-H) + (H)(O-H2-C2) = (O-H)(H) + (O-H2-C2)   [<= default] 
     (O-H) + (H-C2)(O-H2) = (O-H)(H-C2) + (O-H2)

Reaction 311: CH2CHO + OH <=> CH2OH + HCO ... ambiguous.
     (O-H) + (C)(O-H3-C) = (O-H)(C) + (O-H3-C)   [<= default] 
     (O-H) + (H2-C)(O-H-C) = (O-H)(H2-C) + (O-H-C)

Reaction 312: C2H5 + CH3 (+M) <=> C3H8 (+M) ... OK.

Reaction 313: C3H8 + O <=> C3H7 + OH ... OK.

Reaction 314: C3H8 + H <=> C3H7 + H2 ... ambiguous.
     (H) + (H)(H7-C3) = (H)(H) + (H7-C3)   [<= default] 
     (H) + (H6-C3)(H2) = (H)(H6-C3) + (H2)

Reaction 315: C3H8 + OH <=> C3H7 + H2O
     (O-H) + (H)(H7-C3) = (O-H)(H) + (H7-C3)

Reaction 316: C3H7 + H2O2 <=> C3H8 + HO2
     (H7-C3) + (H)(O2-H) = (H7-C3)(H) + (O2-H)

Reaction 317: C3H8 + CH3 <=> C3H7 + CH4 ... ambiguous.
     (H3-C) + (H)(H7-C3) = (H3-C)(H) + (H7-C3)   [<= default] 
     (H3-C) + (H4-C2)(H4-C) = (H3-C)(H4-C2) + (H4-C)

Reaction 318: C2H4 + CH3 (+M) <=> C3H7 (+M) ... OK.

Reaction 319: C3H7 + O <=> C2H5 + CH2O ... OK.

Reaction 320: C3H7 + H (+M) <=> C3H8 (+M) ... OK.

Reaction 321: C3H7 + H <=> C2H5 + CH3 ... ambiguous.
     (H) + (H2-C)(H5-C2) = (H)(H2-C) + (H5-C2)   [<= default] 
     (H) + (H4-C2)(H3-C) = (H)(H4-C2) + (H3-C)

Reaction 322: C3H7 + OH <=> C2H5 + CH2OH
     (O-H) + (H2-C)(H5-C2) = (O-H)(H2-C) + (H5-C2)

Reaction 323: C3H7 + HO2 <=> C3H8 + O2 ... OK.

Reaction 324: C3H7 + HO2 => C2H5 + CH2O + OH... cannot parse. [ignored]

Reaction 325: C3H7 + CH3 <=> 2 C2H5 ... OK.
